<?xml version="1.0" encoding="UTF-8"?>
<!-- Generated by org.testng.reporters.JUnitXMLReporter -->
<testsuite ignored="0" hostname="DESKTOP-RNGUL5D" failures="0" tests="4" name="Default test" time="12.924" errors="0" timestamp="2024-07-24T11:02:57 IST">
  <testcase classname="Api.test.Usertests" name="testpostUser" time="6.801"/>
  <testcase classname="Api.test.Usertests" name="testgetuser" time="1.352"/>
  <testcase classname="Api.test.Usertests" name="updateuser" time="2.779"/>
  <testcase classname="Api.test.Usertests" name="testdelateuser" time="1.294"/>
</testsuite> <!-- Default test -->
